2023-02-06 08:58:43.417  INFO 8680 --- [restartedMain] kr.co.farmstory.FarmstoryApplication     : Starting FarmstoryApplication using Java 11.0.16.1 on DESKTOP-QOTDKI5 with PID 8680 (C:\Users\java1\Desktop\Workspace\SpringBoot\Farmstory\out\production\classes started by java1 in C:\Users\java1\Desktop\Workspace\SpringBoot\Farmstory)
2023-02-06 08:58:43.424  INFO 8680 --- [restartedMain] kr.co.farmstory.FarmstoryApplication     : No active profile set, falling back to 1 default profile: "default"
2023-02-06 08:58:43.632  INFO 8680 --- [restartedMain] .e.DevToolsPropertyDefaultsPostProcessor : Devtools property defaults active! Set 'spring.devtools.add-properties' to 'false' to disable
2023-02-06 08:58:43.633  INFO 8680 --- [restartedMain] .e.DevToolsPropertyDefaultsPostProcessor : For additional web related logging consider setting the 'logging.level.web' property to 'DEBUG'
2023-02-06 08:58:44.723  INFO 8680 --- [restartedMain] .s.d.r.c.RepositoryConfigurationDelegate : Bootstrapping Spring Data JPA repositories in DEFAULT mode.
2023-02-06 08:58:44.796  INFO 8680 --- [restartedMain] .s.d.r.c.RepositoryConfigurationDelegate : Finished Spring Data repository scanning in 62 ms. Found 1 JPA repository interfaces.
2023-02-06 08:58:45.905  INFO 8680 --- [restartedMain] o.s.b.w.embedded.tomcat.TomcatWebServer  : Tomcat initialized with port(s): 8181 (http)
2023-02-06 08:58:45.923  INFO 8680 --- [restartedMain] o.apache.catalina.core.StandardService   : Starting service [Tomcat]
2023-02-06 08:58:45.924  INFO 8680 --- [restartedMain] org.apache.catalina.core.StandardEngine  : Starting Servlet engine: [Apache Tomcat/9.0.71]
2023-02-06 08:58:46.022  INFO 8680 --- [restartedMain] o.a.c.c.C.[.[localhost].[/Farmstory]     : Initializing Spring embedded WebApplicationContext
2023-02-06 08:58:46.022  INFO 8680 --- [restartedMain] w.s.c.ServletWebServerApplicationContext : Root WebApplicationContext: initialization completed in 2389 ms
2023-02-06 08:58:46.194  WARN 8680 --- [restartedMain] o.a.c.c.C.[.[localhost].[/Farmstory]     : Cannot deserialize session attribute [SPRING_SECURITY_CONTEXT] for session [DED16FF1BCA554F8BA160A282AF9D598]
2023-02-06 08:58:46.407  INFO 8680 --- [restartedMain] o.hibernate.jpa.internal.util.LogHelper  : HHH000204: Processing PersistenceUnitInfo [name: default]
2023-02-06 08:58:46.488  INFO 8680 --- [restartedMain] org.hibernate.Version                    : HHH000412: Hibernate ORM core version 5.6.14.Final
2023-02-06 08:58:46.773  INFO 8680 --- [restartedMain] o.hibernate.annotations.common.Version   : HCANN000001: Hibernate Commons Annotations {5.1.2.Final}
2023-02-06 08:58:46.914  INFO 8680 --- [restartedMain] com.zaxxer.hikari.HikariDataSource       : HikariPool-1 - Starting...
2023-02-06 08:58:47.382  INFO 8680 --- [restartedMain] com.zaxxer.hikari.HikariDataSource       : HikariPool-1 - Start completed.
2023-02-06 08:58:47.408  INFO 8680 --- [restartedMain] org.hibernate.dialect.Dialect            : HHH000400: Using dialect: org.hibernate.dialect.MySQL5InnoDBDialect
2023-02-06 08:58:48.397  INFO 8680 --- [restartedMain] o.h.e.t.j.p.i.JtaPlatformInitiator       : HHH000490: Using JtaPlatform implementation: [org.hibernate.engine.transaction.jta.platform.internal.NoJtaPlatform]
2023-02-06 08:58:48.407  INFO 8680 --- [restartedMain] j.LocalContainerEntityManagerFactoryBean : Initialized JPA EntityManagerFactory for persistence unit 'default'
2023-02-06 08:58:49.327  WARN 8680 --- [restartedMain] JpaBaseConfiguration$JpaWebConfiguration : spring.jpa.open-in-view is enabled by default. Therefore, database queries may be performed during view rendering. Explicitly configure spring.jpa.open-in-view to disable this warning
2023-02-06 08:58:49.498  INFO 8680 --- [restartedMain] o.s.s.web.DefaultSecurityFilterChain     : Will secure any request with [org.springframework.security.web.session.DisableEncodeUrlFilter@6adff7a2, org.springframework.security.web.context.request.async.WebAsyncManagerIntegrationFilter@633c7756, org.springframework.security.web.context.SecurityContextPersistenceFilter@575e556e, org.springframework.security.web.header.HeaderWriterFilter@7618775b, org.springframework.security.web.authentication.logout.LogoutFilter@1d51d8df, org.springframework.security.web.authentication.UsernamePasswordAuthenticationFilter@2ff0f42f, org.springframework.security.web.savedrequest.RequestCacheAwareFilter@3e6b63ba, org.springframework.security.web.servletapi.SecurityContextHolderAwareRequestFilter@3dc8996c, org.springframework.security.web.authentication.AnonymousAuthenticationFilter@2cb74d79, org.springframework.security.web.session.SessionManagementFilter@577fa1ea, org.springframework.security.web.access.ExceptionTranslationFilter@401ed2e4, org.springframework.security.web.access.intercept.FilterSecurityInterceptor@28c82c3b]
2023-02-06 08:58:49.742  INFO 8680 --- [restartedMain] o.s.b.a.w.s.WelcomePageHandlerMapping    : Adding welcome page template: index
2023-02-06 08:58:49.979  INFO 8680 --- [restartedMain] o.s.b.d.a.OptionalLiveReloadServer       : LiveReload server is running on port 35729
2023-02-06 08:58:50.016  INFO 8680 --- [restartedMain] o.s.b.w.embedded.tomcat.TomcatWebServer  : Tomcat started on port(s): 8181 (http) with context path '/Farmstory'
2023-02-06 08:58:50.026  INFO 8680 --- [restartedMain] kr.co.farmstory.FarmstoryApplication     : Started FarmstoryApplication in 7.266 seconds (JVM running for 8.496)
2023-02-06 08:58:57.195  INFO 8680 --- [http-nio-8181-exec-1] o.a.c.c.C.[.[localhost].[/Farmstory]     : Initializing Spring DispatcherServlet 'dispatcherServlet'
2023-02-06 08:58:57.196  INFO 8680 --- [http-nio-8181-exec-1] o.s.web.servlet.DispatcherServlet        : Initializing Servlet 'dispatcherServlet'
2023-02-06 08:58:57.198  INFO 8680 --- [http-nio-8181-exec-1] o.s.web.servlet.DispatcherServlet        : Completed initialization in 1 ms
2023-02-06 08:59:59.006  WARN 8680 --- [http-nio-8181-exec-7] org.apache.catalina.connector.Request    : Creating the temporary upload location [C:\Users\java1\AppData\Local\Temp\tomcat.8181.14515523027806855494\work\Tomcat\localhost\Farmstory\file] as it is required by the servlet [dispatcherServlet]
2023-02-06 09:05:26.289  INFO 8680 --- [SpringApplicationShutdownHook] j.LocalContainerEntityManagerFactoryBean : Closing JPA EntityManagerFactory for persistence unit 'default'
2023-02-06 09:05:26.292  INFO 8680 --- [SpringApplicationShutdownHook] com.zaxxer.hikari.HikariDataSource       : HikariPool-1 - Shutdown initiated...
2023-02-06 09:05:26.307  INFO 8680 --- [SpringApplicationShutdownHook] com.zaxxer.hikari.HikariDataSource       : HikariPool-1 - Shutdown completed.
